2025-12-04 11:07:11,777 - INFO - ================================================================================
2025-12-04 11:07:11,777 - INFO - MORNING STATUS REPORT - Starting
2025-12-04 11:07:11,778 - INFO - ================================================================================
2025-12-04 11:41:06,471 - INFO - ================================================================================
2025-12-04 11:41:06,472 - INFO - MORNING STATUS REPORT - Starting
2025-12-04 11:41:06,473 - INFO - ================================================================================
2025-12-04 11:41:09,265 - INFO - Fetching status changes from last 12 hours...
2025-12-04 11:41:09,266 - INFO - Cutoff time: 2025-12-04T05:41:09.266168+00:00
2025-12-04 11:41:09,266 - WARNING - Registry not found: C:\Users\bmalaraju\Documents\WP-OP Agent\JIRA-Agent\automation\config\product_project_registry.json
2025-12-04 11:41:09,266 - WARNING - No Nokia projects found!
2025-12-04 11:41:09,266 - INFO - Connecting to SMTP server: smtp.office365.com:587
2025-12-04 11:41:20,350 - ERROR - Morning report failed to send
2025-12-04 11:47:05,368 - INFO - ================================================================================
2025-12-04 11:47:05,368 - INFO - MORNING STATUS REPORT - Starting
2025-12-04 11:47:05,368 - INFO - ================================================================================
2025-12-04 11:47:06,282 - INFO - Fetching status changes from last 12 hours...
2025-12-04 11:47:06,282 - INFO - Cutoff time: 2025-12-04T05:47:06.282810+00:00
2025-12-04 11:47:06,283 - WARNING - Registry not found: C:\Users\bmalaraju\Documents\WP-OP Agent\JIRA-Agent\automation\config\product_project_registry.json
2025-12-04 11:47:06,283 - WARNING - No Nokia projects found!
2025-12-04 11:47:06,284 - INFO - Connecting to SMTP server: smtp.office365.com:587
2025-12-04 11:47:16,579 - ERROR - Morning report failed to send
2025-12-04 11:47:39,551 - INFO - ================================================================================
2025-12-04 11:47:39,551 - INFO - MORNING STATUS REPORT - Starting
2025-12-04 11:47:39,552 - INFO - ================================================================================
2025-12-04 11:47:41,974 - INFO - Fetching status changes from last 12 hours...
2025-12-04 11:47:41,975 - INFO - Cutoff time: 2025-12-04T05:47:41.975212+00:00
2025-12-04 11:47:41,975 - WARNING - Registry not found: C:\Users\bmalaraju\Documents\WP-OP Agent\config\product_project_registry.json
2025-12-04 11:47:41,975 - WARNING - No Nokia projects found!
2025-12-04 11:47:41,976 - INFO - Connecting to SMTP server: smtp.office365.com:587
2025-12-04 11:47:51,819 - ERROR - Morning report failed to send
2025-12-04 11:48:39,174 - INFO - ================================================================================
2025-12-04 11:48:39,175 - INFO - MORNING STATUS REPORT - Starting
2025-12-04 11:48:39,175 - INFO - ================================================================================
2025-12-04 11:48:40,066 - INFO - Fetching status changes from last 12 hours...
2025-12-04 11:48:40,067 - INFO - Cutoff time: 2025-12-04T05:48:40.067575+00:00
2025-12-04 11:48:40,111 - INFO - Found 0 Nokia projects: []
2025-12-04 11:48:40,112 - WARNING - No Nokia projects found!
2025-12-04 11:48:40,113 - INFO - Connecting to SMTP server: smtp.office365.com:587
2025-12-04 11:48:50,162 - ERROR - Morning report failed to send
